<?xml version="1.0" encoding="UTF-8"?>
<testsuite xmlns:xsi="http://www.w3.org/2001/XMLSchema-instance" xsi:noNamespaceSchemaLocation="https://maven.apache.org/surefire/maven-surefire-plugin/xsd/surefire-test-report-3.0.xsd" version="3.0" name="runners.JunitRunnerTest" time="11.553" tests="2" errors="0" skipped="0" failures="0">
  <properties>
    <property name="java.specification.version" value="17"/>
    <property name="sun.jnu.encoding" value="UTF-8"/>
    <property name="java.class.path" value="/Users/HarshaKunku/Desktop/DataLocker_Automation/MyRepos/JavaSeleniumCucumber/CucumberJava/JCSM/target/test-classes:/Users/HarshaKunku/Desktop/DataLocker_Automation/MyRepos/JavaSeleniumCucumber/CucumberJava/JCSM/target/classes:/Users/HarshaKunku/.m2/repository/io/cucumber/cucumber-java/7.11.1/cucumber-java-7.11.1.jar:/Users/HarshaKunku/.m2/repository/org/apiguardian/apiguardian-api/1.1.2/apiguardian-api-1.1.2.jar:/Users/HarshaKunku/.m2/repository/io/cucumber/cucumber-core/7.11.1/cucumber-core-7.11.1.jar:/Users/HarshaKunku/.m2/repository/io/cucumber/cucumber-gherkin/7.11.1/cucumber-gherkin-7.11.1.jar:/Users/HarshaKunku/.m2/repository/io/cucumber/cucumber-gherkin-messages/7.11.1/cucumber-gherkin-messages-7.11.1.jar:/Users/HarshaKunku/.m2/repository/io/cucumber/gherkin/26.0.3/gherkin-26.0.3.jar:/Users/HarshaKunku/.m2/repository/io/cucumber/messages/21.0.1/messages-21.0.1.jar:/Users/HarshaKunku/.m2/repository/io/cucumber/tag-expressions/5.0.1/tag-expressions-5.0.1.jar:/Users/HarshaKunku/.m2/repository/io/cucumber/cucumber-expressions/16.1.2/cucumber-expressions-16.1.2.jar:/Users/HarshaKunku/.m2/repository/io/cucumber/datatable/7.11.1/datatable-7.11.1.jar:/Users/HarshaKunku/.m2/repository/io/cucumber/cucumber-plugin/7.11.1/cucumber-plugin-7.11.1.jar:/Users/HarshaKunku/.m2/repository/io/cucumber/docstring/7.11.1/docstring-7.11.1.jar:/Users/HarshaKunku/.m2/repository/io/cucumber/html-formatter/20.2.1/html-formatter-20.2.1.jar:/Users/HarshaKunku/.m2/repository/io/cucumber/junit-xml-formatter/0.1.0/junit-xml-formatter-0.1.0.jar:/Users/HarshaKunku/.m2/repository/io/cucumber/ci-environment/9.1.0/ci-environment-9.1.0.jar:/Users/HarshaKunku/.m2/repository/io/cucumber/cucumber-junit/7.11.1/cucumber-junit-7.11.1.jar:/Users/HarshaKunku/.m2/repository/junit/junit/4.13.2/junit-4.13.2.jar:/Users/HarshaKunku/.m2/repository/org/hamcrest/hamcrest-core/1.3/hamcrest-core-1.3.jar:/Users/HarshaKunku/.m2/repository/org/seleniumhq/selenium/selenium-java/4.8.1/selenium-java-4.8.1.jar:/Users/HarshaKunku/.m2/repository/org/seleniumhq/selenium/selenium-api/4.8.1/selenium-api-4.8.1.jar:/Users/HarshaKunku/.m2/repository/org/seleniumhq/selenium/selenium-chrome-driver/4.8.1/selenium-chrome-driver-4.8.1.jar:/Users/HarshaKunku/.m2/repository/com/google/auto/service/auto-service-annotations/1.0.1/auto-service-annotations-1.0.1.jar:/Users/HarshaKunku/.m2/repository/com/google/auto/service/auto-service/1.0.1/auto-service-1.0.1.jar:/Users/HarshaKunku/.m2/repository/com/google/auto/auto-common/1.2/auto-common-1.2.jar:/Users/HarshaKunku/.m2/repository/com/google/guava/guava/31.1-jre/guava-31.1-jre.jar:/Users/HarshaKunku/.m2/repository/com/google/guava/failureaccess/1.0.1/failureaccess-1.0.1.jar:/Users/HarshaKunku/.m2/repository/com/google/guava/listenablefuture/9999.0-empty-to-avoid-conflict-with-guava/listenablefuture-9999.0-empty-to-avoid-conflict-with-guava.jar:/Users/HarshaKunku/.m2/repository/com/google/code/findbugs/jsr305/3.0.2/jsr305-3.0.2.jar:/Users/HarshaKunku/.m2/repository/org/checkerframework/checker-qual/3.12.0/checker-qual-3.12.0.jar:/Users/HarshaKunku/.m2/repository/com/google/errorprone/error_prone_annotations/2.11.0/error_prone_annotations-2.11.0.jar:/Users/HarshaKunku/.m2/repository/com/google/j2objc/j2objc-annotations/1.3/j2objc-annotations-1.3.jar:/Users/HarshaKunku/.m2/repository/org/seleniumhq/selenium/selenium-chromium-driver/4.8.1/selenium-chromium-driver-4.8.1.jar:/Users/HarshaKunku/.m2/repository/org/seleniumhq/selenium/selenium-json/4.8.1/selenium-json-4.8.1.jar:/Users/HarshaKunku/.m2/repository/org/seleniumhq/selenium/selenium-devtools-v108/4.8.1/selenium-devtools-v108-4.8.1.jar:/Users/HarshaKunku/.m2/repository/org/seleniumhq/selenium/selenium-devtools-v109/4.8.1/selenium-devtools-v109-4.8.1.jar:/Users/HarshaKunku/.m2/repository/org/seleniumhq/selenium/selenium-devtools-v110/4.8.1/selenium-devtools-v110-4.8.1.jar:/Users/HarshaKunku/.m2/repository/org/seleniumhq/selenium/selenium-devtools-v85/4.8.1/selenium-devtools-v85-4.8.1.jar:/Users/HarshaKunku/.m2/repository/org/seleniumhq/selenium/selenium-edge-driver/4.8.1/selenium-edge-driver-4.8.1.jar:/Users/HarshaKunku/.m2/repository/org/seleniumhq/selenium/selenium-firefox-driver/4.8.1/selenium-firefox-driver-4.8.1.jar:/Users/HarshaKunku/.m2/repository/org/seleniumhq/selenium/selenium-http/4.8.1/selenium-http-4.8.1.jar:/Users/HarshaKunku/.m2/repository/dev/failsafe/failsafe/3.3.0/failsafe-3.3.0.jar:/Users/HarshaKunku/.m2/repository/org/seleniumhq/selenium/selenium-ie-driver/4.8.1/selenium-ie-driver-4.8.1.jar:/Users/HarshaKunku/.m2/repository/org/seleniumhq/selenium/selenium-remote-driver/4.8.1/selenium-remote-driver-4.8.1.jar:/Users/HarshaKunku/.m2/repository/com/beust/jcommander/1.82/jcommander-1.82.jar:/Users/HarshaKunku/.m2/repository/io/netty/netty-buffer/4.1.87.Final/netty-buffer-4.1.87.Final.jar:/Users/HarshaKunku/.m2/repository/io/netty/netty-codec-http/4.1.87.Final/netty-codec-http-4.1.87.Final.jar:/Users/HarshaKunku/.m2/repository/io/netty/netty-codec/4.1.87.Final/netty-codec-4.1.87.Final.jar:/Users/HarshaKunku/.m2/repository/io/netty/netty-handler/4.1.87.Final/netty-handler-4.1.87.Final.jar:/Users/HarshaKunku/.m2/repository/io/netty/netty-common/4.1.87.Final/netty-common-4.1.87.Final.jar:/Users/HarshaKunku/.m2/repository/io/netty/netty-transport-classes-epoll/4.1.87.Final/netty-transport-classes-epoll-4.1.87.Final.jar:/Users/HarshaKunku/.m2/repository/io/netty/netty-transport-classes-kqueue/4.1.87.Final/netty-transport-classes-kqueue-4.1.87.Final.jar:/Users/HarshaKunku/.m2/repository/io/netty/netty-transport-native-epoll/4.1.87.Final/netty-transport-native-epoll-4.1.87.Final.jar:/Users/HarshaKunku/.m2/repository/io/netty/netty-transport-native-kqueue/4.1.87.Final/netty-transport-native-kqueue-4.1.87.Final.jar:/Users/HarshaKunku/.m2/repository/io/netty/netty-transport-native-unix-common/4.1.87.Final/netty-transport-native-unix-common-4.1.87.Final.jar:/Users/HarshaKunku/.m2/repository/io/netty/netty-transport/4.1.87.Final/netty-transport-4.1.87.Final.jar:/Users/HarshaKunku/.m2/repository/io/netty/netty-resolver/4.1.87.Final/netty-resolver-4.1.87.Final.jar:/Users/HarshaKunku/.m2/repository/io/opentelemetry/opentelemetry-api/1.22.0/opentelemetry-api-1.22.0.jar:/Users/HarshaKunku/.m2/repository/io/opentelemetry/opentelemetry-context/1.22.0/opentelemetry-context-1.22.0.jar:/Users/HarshaKunku/.m2/repository/io/opentelemetry/opentelemetry-exporter-logging/1.22.0/opentelemetry-exporter-logging-1.22.0.jar:/Users/HarshaKunku/.m2/repository/io/opentelemetry/opentelemetry-sdk-metrics/1.22.0/opentelemetry-sdk-metrics-1.22.0.jar:/Users/HarshaKunku/.m2/repository/io/opentelemetry/opentelemetry-sdk-logs/1.22.0-alpha/opentelemetry-sdk-logs-1.22.0-alpha.jar:/Users/HarshaKunku/.m2/repository/io/opentelemetry/opentelemetry-api-logs/1.22.0-alpha/opentelemetry-api-logs-1.22.0-alpha.jar:/Users/HarshaKunku/.m2/repository/io/opentelemetry/opentelemetry-sdk-common/1.22.0/opentelemetry-sdk-common-1.22.0.jar:/Users/HarshaKunku/.m2/repository/io/opentelemetry/opentelemetry-sdk-extension-autoconfigure-spi/1.22.0/opentelemetry-sdk-extension-autoconfigure-spi-1.22.0.jar:/Users/HarshaKunku/.m2/repository/io/opentelemetry/opentelemetry-sdk-extension-autoconfigure/1.22.0-alpha/opentelemetry-sdk-extension-autoconfigure-1.22.0-alpha.jar:/Users/HarshaKunku/.m2/repository/io/opentelemetry/opentelemetry-sdk-trace/1.22.0/opentelemetry-sdk-trace-1.22.0.jar:/Users/HarshaKunku/.m2/repository/io/opentelemetry/opentelemetry-sdk/1.22.0/opentelemetry-sdk-1.22.0.jar:/Users/HarshaKunku/.m2/repository/io/opentelemetry/opentelemetry-semconv/1.22.0-alpha/opentelemetry-semconv-1.22.0-alpha.jar:/Users/HarshaKunku/.m2/repository/io/ous/jtoml/2.0.0/jtoml-2.0.0.jar:/Users/HarshaKunku/.m2/repository/net/bytebuddy/byte-buddy/1.12.22/byte-buddy-1.12.22.jar:/Users/HarshaKunku/.m2/repository/org/apache/commons/commons-exec/1.3/commons-exec-1.3.jar:/Users/HarshaKunku/.m2/repository/org/asynchttpclient/async-http-client/2.12.3/async-http-client-2.12.3.jar:/Users/HarshaKunku/.m2/repository/org/asynchttpclient/async-http-client-netty-utils/2.12.3/async-http-client-netty-utils-2.12.3.jar:/Users/HarshaKunku/.m2/repository/io/netty/netty-codec-socks/4.1.60.Final/netty-codec-socks-4.1.60.Final.jar:/Users/HarshaKunku/.m2/repository/io/netty/netty-handler-proxy/4.1.60.Final/netty-handler-proxy-4.1.60.Final.jar:/Users/HarshaKunku/.m2/repository/io/netty/netty-transport-native-epoll/4.1.60.Final/netty-transport-native-epoll-4.1.60.Final-linux-x86_64.jar:/Users/HarshaKunku/.m2/repository/io/netty/netty-transport-native-kqueue/4.1.60.Final/netty-transport-native-kqueue-4.1.60.Final-osx-x86_64.jar:/Users/HarshaKunku/.m2/repository/org/reactivestreams/reactive-streams/1.0.3/reactive-streams-1.0.3.jar:/Users/HarshaKunku/.m2/repository/com/typesafe/netty/netty-reactive-streams/2.0.4/netty-reactive-streams-2.0.4.jar:/Users/HarshaKunku/.m2/repository/com/sun/activation/jakarta.activation/1.2.2/jakarta.activation-1.2.2.jar:/Users/HarshaKunku/.m2/repository/org/seleniumhq/selenium/selenium-manager/4.8.1/selenium-manager-4.8.1.jar:/Users/HarshaKunku/.m2/repository/org/seleniumhq/selenium/selenium-safari-driver/4.8.1/selenium-safari-driver-4.8.1.jar:/Users/HarshaKunku/.m2/repository/org/seleniumhq/selenium/selenium-support/4.8.1/selenium-support-4.8.1.jar:/Users/HarshaKunku/.m2/repository/io/github/bonigarcia/webdrivermanager/5.3.2/webdrivermanager-5.3.2.jar:/Users/HarshaKunku/.m2/repository/org/slf4j/slf4j-api/2.0.6/slf4j-api-2.0.6.jar:/Users/HarshaKunku/.m2/repository/com/google/code/gson/gson/2.10.1/gson-2.10.1.jar:/Users/HarshaKunku/.m2/repository/com/github/docker-java/docker-java/3.2.14/docker-java-3.2.14.jar:/Users/HarshaKunku/.m2/repository/com/github/docker-java/docker-java-core/3.2.14/docker-java-core-3.2.14.jar:/Users/HarshaKunku/.m2/repository/com/github/docker-java/docker-java-api/3.2.14/docker-java-api-3.2.14.jar:/Users/HarshaKunku/.m2/repository/com/fasterxml/jackson/core/jackson-annotations/2.10.3/jackson-annotations-2.10.3.jar:/Users/HarshaKunku/.m2/repository/commons-io/commons-io/2.6/commons-io-2.6.jar:/Users/HarshaKunku/.m2/repository/org/apache/commons/commons-compress/1.21/commons-compress-1.21.jar:/Users/HarshaKunku/.m2/repository/com/fasterxml/jackson/core/jackson-databind/2.10.3/jackson-databind-2.10.3.jar:/Users/HarshaKunku/.m2/repository/com/fasterxml/jackson/core/jackson-core/2.10.3/jackson-core-2.10.3.jar:/Users/HarshaKunku/.m2/repository/org/bouncycastle/bcpkix-jdk15on/1.64/bcpkix-jdk15on-1.64.jar:/Users/HarshaKunku/.m2/repository/org/bouncycastle/bcprov-jdk15on/1.64/bcprov-jdk15on-1.64.jar:/Users/HarshaKunku/.m2/repository/org/slf4j/jcl-over-slf4j/1.7.30/jcl-over-slf4j-1.7.30.jar:/Users/HarshaKunku/.m2/repository/com/github/docker-java/docker-java-transport-httpclient5/3.2.14/docker-java-transport-httpclient5-3.2.14.jar:/Users/HarshaKunku/.m2/repository/com/github/docker-java/docker-java-transport/3.2.14/docker-java-transport-3.2.14.jar:/Users/HarshaKunku/.m2/repository/net/java/dev/jna/jna/5.12.1/jna-5.12.1.jar:/Users/HarshaKunku/.m2/repository/org/brotli/dec/0.1.2/dec-0.1.2.jar:/Users/HarshaKunku/.m2/repository/org/apache/commons/commons-lang3/3.12.0/commons-lang3-3.12.0.jar:/Users/HarshaKunku/.m2/repository/org/apache/httpcomponents/client5/httpclient5/5.2.1/httpclient5-5.2.1.jar:/Users/HarshaKunku/.m2/repository/org/apache/httpcomponents/core5/httpcore5/5.2/httpcore5-5.2.jar:/Users/HarshaKunku/.m2/repository/org/apache/httpcomponents/core5/httpcore5-h2/5.2/httpcore5-h2-5.2.jar:/Users/HarshaKunku/.m2/repository/io/cucumber/cucumber-picocontainer/7.11.1/cucumber-picocontainer-7.11.1.jar:/Users/HarshaKunku/.m2/repository/org/picocontainer/picocontainer/2.15/picocontainer-2.15.jar:"/>
    <property name="java.vm.vendor" value="Oracle Corporation"/>
    <property name="sun.arch.data.model" value="64"/>
    <property name="java.vendor.url" value="https://java.oracle.com/"/>
    <property name="os.name" value="Mac OS X"/>
    <property name="java.vm.specification.version" value="17"/>
    <property name="sun.java.launcher" value="SUN_STANDARD"/>
    <property name="user.country" value="GB"/>
    <property name="sun.boot.library.path" value="/Library/Java/JavaVirtualMachines/jdk-17.0.5.jdk/Contents/Home/lib"/>
    <property name="sun.java.command" value="/Users/HarshaKunku/Desktop/DataLocker_Automation/MyRepos/JavaSeleniumCucumber/CucumberJava/JCSM/target/surefire/surefirebooter-20230322132048664_3.jar /Users/HarshaKunku/Desktop/DataLocker_Automation/MyRepos/JavaSeleniumCucumber/CucumberJava/JCSM/target/surefire 2023-03-22T13-20-48_494-jvmRun1 surefire-20230322132048664_1tmp surefire_0-20230322132048664_2tmp"/>
    <property name="jdk.debug" value="release"/>
    <property name="surefire.test.class.path" value="/Users/HarshaKunku/Desktop/DataLocker_Automation/MyRepos/JavaSeleniumCucumber/CucumberJava/JCSM/target/test-classes:/Users/HarshaKunku/Desktop/DataLocker_Automation/MyRepos/JavaSeleniumCucumber/CucumberJava/JCSM/target/classes:/Users/HarshaKunku/.m2/repository/io/cucumber/cucumber-java/7.11.1/cucumber-java-7.11.1.jar:/Users/HarshaKunku/.m2/repository/org/apiguardian/apiguardian-api/1.1.2/apiguardian-api-1.1.2.jar:/Users/HarshaKunku/.m2/repository/io/cucumber/cucumber-core/7.11.1/cucumber-core-7.11.1.jar:/Users/HarshaKunku/.m2/repository/io/cucumber/cucumber-gherkin/7.11.1/cucumber-gherkin-7.11.1.jar:/Users/HarshaKunku/.m2/repository/io/cucumber/cucumber-gherkin-messages/7.11.1/cucumber-gherkin-messages-7.11.1.jar:/Users/HarshaKunku/.m2/repository/io/cucumber/gherkin/26.0.3/gherkin-26.0.3.jar:/Users/HarshaKunku/.m2/repository/io/cucumber/messages/21.0.1/messages-21.0.1.jar:/Users/HarshaKunku/.m2/repository/io/cucumber/tag-expressions/5.0.1/tag-expressions-5.0.1.jar:/Users/HarshaKunku/.m2/repository/io/cucumber/cucumber-expressions/16.1.2/cucumber-expressions-16.1.2.jar:/Users/HarshaKunku/.m2/repository/io/cucumber/datatable/7.11.1/datatable-7.11.1.jar:/Users/HarshaKunku/.m2/repository/io/cucumber/cucumber-plugin/7.11.1/cucumber-plugin-7.11.1.jar:/Users/HarshaKunku/.m2/repository/io/cucumber/docstring/7.11.1/docstring-7.11.1.jar:/Users/HarshaKunku/.m2/repository/io/cucumber/html-formatter/20.2.1/html-formatter-20.2.1.jar:/Users/HarshaKunku/.m2/repository/io/cucumber/junit-xml-formatter/0.1.0/junit-xml-formatter-0.1.0.jar:/Users/HarshaKunku/.m2/repository/io/cucumber/ci-environment/9.1.0/ci-environment-9.1.0.jar:/Users/HarshaKunku/.m2/repository/io/cucumber/cucumber-junit/7.11.1/cucumber-junit-7.11.1.jar:/Users/HarshaKunku/.m2/repository/junit/junit/4.13.2/junit-4.13.2.jar:/Users/HarshaKunku/.m2/repository/org/hamcrest/hamcrest-core/1.3/hamcrest-core-1.3.jar:/Users/HarshaKunku/.m2/repository/org/seleniumhq/selenium/selenium-java/4.8.1/selenium-java-4.8.1.jar:/Users/HarshaKunku/.m2/repository/org/seleniumhq/selenium/selenium-api/4.8.1/selenium-api-4.8.1.jar:/Users/HarshaKunku/.m2/repository/org/seleniumhq/selenium/selenium-chrome-driver/4.8.1/selenium-chrome-driver-4.8.1.jar:/Users/HarshaKunku/.m2/repository/com/google/auto/service/auto-service-annotations/1.0.1/auto-service-annotations-1.0.1.jar:/Users/HarshaKunku/.m2/repository/com/google/auto/service/auto-service/1.0.1/auto-service-1.0.1.jar:/Users/HarshaKunku/.m2/repository/com/google/auto/auto-common/1.2/auto-common-1.2.jar:/Users/HarshaKunku/.m2/repository/com/google/guava/guava/31.1-jre/guava-31.1-jre.jar:/Users/HarshaKunku/.m2/repository/com/google/guava/failureaccess/1.0.1/failureaccess-1.0.1.jar:/Users/HarshaKunku/.m2/repository/com/google/guava/listenablefuture/9999.0-empty-to-avoid-conflict-with-guava/listenablefuture-9999.0-empty-to-avoid-conflict-with-guava.jar:/Users/HarshaKunku/.m2/repository/com/google/code/findbugs/jsr305/3.0.2/jsr305-3.0.2.jar:/Users/HarshaKunku/.m2/repository/org/checkerframework/checker-qual/3.12.0/checker-qual-3.12.0.jar:/Users/HarshaKunku/.m2/repository/com/google/errorprone/error_prone_annotations/2.11.0/error_prone_annotations-2.11.0.jar:/Users/HarshaKunku/.m2/repository/com/google/j2objc/j2objc-annotations/1.3/j2objc-annotations-1.3.jar:/Users/HarshaKunku/.m2/repository/org/seleniumhq/selenium/selenium-chromium-driver/4.8.1/selenium-chromium-driver-4.8.1.jar:/Users/HarshaKunku/.m2/repository/org/seleniumhq/selenium/selenium-json/4.8.1/selenium-json-4.8.1.jar:/Users/HarshaKunku/.m2/repository/org/seleniumhq/selenium/selenium-devtools-v108/4.8.1/selenium-devtools-v108-4.8.1.jar:/Users/HarshaKunku/.m2/repository/org/seleniumhq/selenium/selenium-devtools-v109/4.8.1/selenium-devtools-v109-4.8.1.jar:/Users/HarshaKunku/.m2/repository/org/seleniumhq/selenium/selenium-devtools-v110/4.8.1/selenium-devtools-v110-4.8.1.jar:/Users/HarshaKunku/.m2/repository/org/seleniumhq/selenium/selenium-devtools-v85/4.8.1/selenium-devtools-v85-4.8.1.jar:/Users/HarshaKunku/.m2/repository/org/seleniumhq/selenium/selenium-edge-driver/4.8.1/selenium-edge-driver-4.8.1.jar:/Users/HarshaKunku/.m2/repository/org/seleniumhq/selenium/selenium-firefox-driver/4.8.1/selenium-firefox-driver-4.8.1.jar:/Users/HarshaKunku/.m2/repository/org/seleniumhq/selenium/selenium-http/4.8.1/selenium-http-4.8.1.jar:/Users/HarshaKunku/.m2/repository/dev/failsafe/failsafe/3.3.0/failsafe-3.3.0.jar:/Users/HarshaKunku/.m2/repository/org/seleniumhq/selenium/selenium-ie-driver/4.8.1/selenium-ie-driver-4.8.1.jar:/Users/HarshaKunku/.m2/repository/org/seleniumhq/selenium/selenium-remote-driver/4.8.1/selenium-remote-driver-4.8.1.jar:/Users/HarshaKunku/.m2/repository/com/beust/jcommander/1.82/jcommander-1.82.jar:/Users/HarshaKunku/.m2/repository/io/netty/netty-buffer/4.1.87.Final/netty-buffer-4.1.87.Final.jar:/Users/HarshaKunku/.m2/repository/io/netty/netty-codec-http/4.1.87.Final/netty-codec-http-4.1.87.Final.jar:/Users/HarshaKunku/.m2/repository/io/netty/netty-codec/4.1.87.Final/netty-codec-4.1.87.Final.jar:/Users/HarshaKunku/.m2/repository/io/netty/netty-handler/4.1.87.Final/netty-handler-4.1.87.Final.jar:/Users/HarshaKunku/.m2/repository/io/netty/netty-common/4.1.87.Final/netty-common-4.1.87.Final.jar:/Users/HarshaKunku/.m2/repository/io/netty/netty-transport-classes-epoll/4.1.87.Final/netty-transport-classes-epoll-4.1.87.Final.jar:/Users/HarshaKunku/.m2/repository/io/netty/netty-transport-classes-kqueue/4.1.87.Final/netty-transport-classes-kqueue-4.1.87.Final.jar:/Users/HarshaKunku/.m2/repository/io/netty/netty-transport-native-epoll/4.1.87.Final/netty-transport-native-epoll-4.1.87.Final.jar:/Users/HarshaKunku/.m2/repository/io/netty/netty-transport-native-kqueue/4.1.87.Final/netty-transport-native-kqueue-4.1.87.Final.jar:/Users/HarshaKunku/.m2/repository/io/netty/netty-transport-native-unix-common/4.1.87.Final/netty-transport-native-unix-common-4.1.87.Final.jar:/Users/HarshaKunku/.m2/repository/io/netty/netty-transport/4.1.87.Final/netty-transport-4.1.87.Final.jar:/Users/HarshaKunku/.m2/repository/io/netty/netty-resolver/4.1.87.Final/netty-resolver-4.1.87.Final.jar:/Users/HarshaKunku/.m2/repository/io/opentelemetry/opentelemetry-api/1.22.0/opentelemetry-api-1.22.0.jar:/Users/HarshaKunku/.m2/repository/io/opentelemetry/opentelemetry-context/1.22.0/opentelemetry-context-1.22.0.jar:/Users/HarshaKunku/.m2/repository/io/opentelemetry/opentelemetry-exporter-logging/1.22.0/opentelemetry-exporter-logging-1.22.0.jar:/Users/HarshaKunku/.m2/repository/io/opentelemetry/opentelemetry-sdk-metrics/1.22.0/opentelemetry-sdk-metrics-1.22.0.jar:/Users/HarshaKunku/.m2/repository/io/opentelemetry/opentelemetry-sdk-logs/1.22.0-alpha/opentelemetry-sdk-logs-1.22.0-alpha.jar:/Users/HarshaKunku/.m2/repository/io/opentelemetry/opentelemetry-api-logs/1.22.0-alpha/opentelemetry-api-logs-1.22.0-alpha.jar:/Users/HarshaKunku/.m2/repository/io/opentelemetry/opentelemetry-sdk-common/1.22.0/opentelemetry-sdk-common-1.22.0.jar:/Users/HarshaKunku/.m2/repository/io/opentelemetry/opentelemetry-sdk-extension-autoconfigure-spi/1.22.0/opentelemetry-sdk-extension-autoconfigure-spi-1.22.0.jar:/Users/HarshaKunku/.m2/repository/io/opentelemetry/opentelemetry-sdk-extension-autoconfigure/1.22.0-alpha/opentelemetry-sdk-extension-autoconfigure-1.22.0-alpha.jar:/Users/HarshaKunku/.m2/repository/io/opentelemetry/opentelemetry-sdk-trace/1.22.0/opentelemetry-sdk-trace-1.22.0.jar:/Users/HarshaKunku/.m2/repository/io/opentelemetry/opentelemetry-sdk/1.22.0/opentelemetry-sdk-1.22.0.jar:/Users/HarshaKunku/.m2/repository/io/opentelemetry/opentelemetry-semconv/1.22.0-alpha/opentelemetry-semconv-1.22.0-alpha.jar:/Users/HarshaKunku/.m2/repository/io/ous/jtoml/2.0.0/jtoml-2.0.0.jar:/Users/HarshaKunku/.m2/repository/net/bytebuddy/byte-buddy/1.12.22/byte-buddy-1.12.22.jar:/Users/HarshaKunku/.m2/repository/org/apache/commons/commons-exec/1.3/commons-exec-1.3.jar:/Users/HarshaKunku/.m2/repository/org/asynchttpclient/async-http-client/2.12.3/async-http-client-2.12.3.jar:/Users/HarshaKunku/.m2/repository/org/asynchttpclient/async-http-client-netty-utils/2.12.3/async-http-client-netty-utils-2.12.3.jar:/Users/HarshaKunku/.m2/repository/io/netty/netty-codec-socks/4.1.60.Final/netty-codec-socks-4.1.60.Final.jar:/Users/HarshaKunku/.m2/repository/io/netty/netty-handler-proxy/4.1.60.Final/netty-handler-proxy-4.1.60.Final.jar:/Users/HarshaKunku/.m2/repository/io/netty/netty-transport-native-epoll/4.1.60.Final/netty-transport-native-epoll-4.1.60.Final-linux-x86_64.jar:/Users/HarshaKunku/.m2/repository/io/netty/netty-transport-native-kqueue/4.1.60.Final/netty-transport-native-kqueue-4.1.60.Final-osx-x86_64.jar:/Users/HarshaKunku/.m2/repository/org/reactivestreams/reactive-streams/1.0.3/reactive-streams-1.0.3.jar:/Users/HarshaKunku/.m2/repository/com/typesafe/netty/netty-reactive-streams/2.0.4/netty-reactive-streams-2.0.4.jar:/Users/HarshaKunku/.m2/repository/com/sun/activation/jakarta.activation/1.2.2/jakarta.activation-1.2.2.jar:/Users/HarshaKunku/.m2/repository/org/seleniumhq/selenium/selenium-manager/4.8.1/selenium-manager-4.8.1.jar:/Users/HarshaKunku/.m2/repository/org/seleniumhq/selenium/selenium-safari-driver/4.8.1/selenium-safari-driver-4.8.1.jar:/Users/HarshaKunku/.m2/repository/org/seleniumhq/selenium/selenium-support/4.8.1/selenium-support-4.8.1.jar:/Users/HarshaKunku/.m2/repository/io/github/bonigarcia/webdrivermanager/5.3.2/webdrivermanager-5.3.2.jar:/Users/HarshaKunku/.m2/repository/org/slf4j/slf4j-api/2.0.6/slf4j-api-2.0.6.jar:/Users/HarshaKunku/.m2/repository/com/google/code/gson/gson/2.10.1/gson-2.10.1.jar:/Users/HarshaKunku/.m2/repository/com/github/docker-java/docker-java/3.2.14/docker-java-3.2.14.jar:/Users/HarshaKunku/.m2/repository/com/github/docker-java/docker-java-core/3.2.14/docker-java-core-3.2.14.jar:/Users/HarshaKunku/.m2/repository/com/github/docker-java/docker-java-api/3.2.14/docker-java-api-3.2.14.jar:/Users/HarshaKunku/.m2/repository/com/fasterxml/jackson/core/jackson-annotations/2.10.3/jackson-annotations-2.10.3.jar:/Users/HarshaKunku/.m2/repository/commons-io/commons-io/2.6/commons-io-2.6.jar:/Users/HarshaKunku/.m2/repository/org/apache/commons/commons-compress/1.21/commons-compress-1.21.jar:/Users/HarshaKunku/.m2/repository/com/fasterxml/jackson/core/jackson-databind/2.10.3/jackson-databind-2.10.3.jar:/Users/HarshaKunku/.m2/repository/com/fasterxml/jackson/core/jackson-core/2.10.3/jackson-core-2.10.3.jar:/Users/HarshaKunku/.m2/repository/org/bouncycastle/bcpkix-jdk15on/1.64/bcpkix-jdk15on-1.64.jar:/Users/HarshaKunku/.m2/repository/org/bouncycastle/bcprov-jdk15on/1.64/bcprov-jdk15on-1.64.jar:/Users/HarshaKunku/.m2/repository/org/slf4j/jcl-over-slf4j/1.7.30/jcl-over-slf4j-1.7.30.jar:/Users/HarshaKunku/.m2/repository/com/github/docker-java/docker-java-transport-httpclient5/3.2.14/docker-java-transport-httpclient5-3.2.14.jar:/Users/HarshaKunku/.m2/repository/com/github/docker-java/docker-java-transport/3.2.14/docker-java-transport-3.2.14.jar:/Users/HarshaKunku/.m2/repository/net/java/dev/jna/jna/5.12.1/jna-5.12.1.jar:/Users/HarshaKunku/.m2/repository/org/brotli/dec/0.1.2/dec-0.1.2.jar:/Users/HarshaKunku/.m2/repository/org/apache/commons/commons-lang3/3.12.0/commons-lang3-3.12.0.jar:/Users/HarshaKunku/.m2/repository/org/apache/httpcomponents/client5/httpclient5/5.2.1/httpclient5-5.2.1.jar:/Users/HarshaKunku/.m2/repository/org/apache/httpcomponents/core5/httpcore5/5.2/httpcore5-5.2.jar:/Users/HarshaKunku/.m2/repository/org/apache/httpcomponents/core5/httpcore5-h2/5.2/httpcore5-h2-5.2.jar:/Users/HarshaKunku/.m2/repository/io/cucumber/cucumber-picocontainer/7.11.1/cucumber-picocontainer-7.11.1.jar:/Users/HarshaKunku/.m2/repository/org/picocontainer/picocontainer/2.15/picocontainer-2.15.jar:"/>
    <property name="sun.cpu.endian" value="little"/>
    <property name="user.home" value="/Users/HarshaKunku"/>
    <property name="user.language" value="en"/>
    <property name="java.specification.vendor" value="Oracle Corporation"/>
    <property name="java.version.date" value="2022-10-18"/>
    <property name="java.home" value="/Library/Java/JavaVirtualMachines/jdk-17.0.5.jdk/Contents/Home"/>
    <property name="file.separator" value="/"/>
    <property name="basedir" value="/Users/HarshaKunku/Desktop/DataLocker_Automation/MyRepos/JavaSeleniumCucumber/CucumberJava/JCSM"/>
    <property name="java.vm.compressedOopsMode" value="Zero based"/>
    <property name="line.separator" value="&#10;"/>
    <property name="java.vm.specification.vendor" value="Oracle Corporation"/>
    <property name="java.specification.name" value="Java Platform API Specification"/>
    <property name="surefire.real.class.path" value="/Users/HarshaKunku/Desktop/DataLocker_Automation/MyRepos/JavaSeleniumCucumber/CucumberJava/JCSM/target/surefire/surefirebooter-20230322132048664_3.jar"/>
    <property name="sun.management.compiler" value="HotSpot 64-Bit Tiered Compilers"/>
    <property name="java.runtime.version" value="17.0.5+9-LTS-191"/>
    <property name="user.name" value="HarshaKunku"/>
    <property name="path.separator" value=":"/>
    <property name="os.version" value="13.2.1"/>
    <property name="java.runtime.name" value="Java(TM) SE Runtime Environment"/>
    <property name="file.encoding" value="UTF-8"/>
    <property name="java.vm.name" value="Java HotSpot(TM) 64-Bit Server VM"/>
    <property name="localRepository" value="/Users/HarshaKunku/.m2/repository"/>
    <property name="java.vendor.url.bug" value="https://bugreport.java.com/bugreport/"/>
    <property name="java.io.tmpdir" value="/var/folders/ld/r6flbl8x3dbbbsxx5gnv5xsm0000gr/T/"/>
    <property name="java.version" value="17.0.5"/>
    <property name="user.dir" value="/Users/HarshaKunku/Desktop/DataLocker_Automation/MyRepos/JavaSeleniumCucumber/CucumberJava/JCSM"/>
    <property name="os.arch" value="aarch64"/>
    <property name="java.vm.specification.name" value="Java Virtual Machine Specification"/>
    <property name="native.encoding" value="UTF-8"/>
    <property name="java.library.path" value="/Users/HarshaKunku/Library/Java/Extensions:/Library/Java/Extensions:/Network/Library/Java/Extensions:/System/Library/Java/Extensions:/usr/lib/java:."/>
    <property name="java.vm.info" value="mixed mode, sharing"/>
    <property name="java.vendor" value="Oracle Corporation"/>
    <property name="java.vm.version" value="17.0.5+9-LTS-191"/>
    <property name="sun.io.unicode.encoding" value="UnicodeBig"/>
    <property name="java.class.version" value="61.0"/>
  </properties>
  <testcase name="First Scenario" classname="test one" time="4.76">
    <system-out><![CDATA[
@addToCart
Scenario Outline: First Scenario                  # src/test/java/resources/featurefiles/addtocart.feature:13
  Given user is on store page                     # stepdefinitions.StorePageStepDefs.userIsOnStorePage()
  When user adds "Blue Shoes" to the cart         # stepdefinitions.StorePageStepDefs.userAddsToTheCart(java.lang.String)
  Then User see "Blue Shoes" is added in the cart # stepdefinitions.CartStepDefs.userSeeIsAddedInTheCart(java.lang.String)
]]></system-out>
    <system-err><![CDATA[SLF4J: No SLF4J providers were found.
SLF4J: Defaulting to no-operation (NOP) logger implementation
SLF4J: See https://www.slf4j.org/codes.html#noProviders for further details.
Starting ChromeDriver 111.0.5563.64 (c710e93d5b63b7095afe8c2c17df34408078439d-refs/branch-heads/5563@{#995}) on port 41316
Only local connections are allowed.
Please see https://chromedriver.chromium.org/security-considerations for suggestions on keeping ChromeDriver safe.
ChromeDriver was started successfully.
Mar 22, 2023 1:20:51 PM org.openqa.selenium.devtools.CdpVersionFinder findNearestMatch
WARNING: Unable to find an exact match for CDP version 111, so returning the closest version found: 110
]]></system-err>
  </testcase>
  <testcase name="User places order" classname="User places order" time="6.172">
    <system-out><![CDATA[
@placeOrder
Scenario Outline: User places order                                                                            # src/test/java/resources/featurefiles/placeorder.feature:13
  Given user is on store page                                                                                  # stepdefinitions.StorePageStepDefs.userIsOnStorePage()
  When User checkout a "Blue Shoes"                                                                            # stepdefinitions.StorePageStepDefs.userCheckoutA(java.lang.String)
  And User provides billing details "demo","user","879 chancery lane","florida","98432","test2224@yopmail.com" # stepdefinitions.CheckOutPageStepDefs.userProvidesBillingDetails(java.lang.String,java.lang.String,java.lang.String,java.lang.String,java.lang.String,java.lang.String)
  Then user should see order is placed successfully                                                            # stepdefinitions.ThankYouPageStepDefs.userShouldSeeOrderIsPlacedSuccessfully()
]]></system-out>
    <system-err><![CDATA[Starting ChromeDriver 111.0.5563.64 (c710e93d5b63b7095afe8c2c17df34408078439d-refs/branch-heads/5563@{#995}) on port 2740
Only local connections are allowed.
Please see https://chromedriver.chromium.org/security-considerations for suggestions on keeping ChromeDriver safe.
ChromeDriver was started successfully.
Mar 22, 2023 1:20:54 PM org.openqa.selenium.devtools.CdpVersionFinder findNearestMatch
WARNING: Unable to find an exact match for CDP version 111, so returning the closest version found: 110
]]></system-err>
  </testcase>
</testsuite>